[INFO ] 2021-07-08 16:14:53.682 [Test worker] Log - Test is starting
[INFO ] 2021-07-08 16:14:53.686 [Test worker] Log - chrome is starting
[INFO ] 2021-07-08 16:14:55.275 [Test worker] Log - navigating to url : https://www.linkedin.com/
[INFO ] 2021-07-08 16:14:56.377 [Test worker] Log - Launched the web application.
[INFO ] 2021-07-08 16:15:01.395 [Test worker] Log - loginTest is starting
[INFO ] 2021-07-08 16:15:01.412 [Test worker] Log - Clicking on SignIn button
[INFO ] 2021-07-08 16:15:03.828 [Test worker] Log - Sending email using sendKeys
[INFO ] 2021-07-08 16:15:03.896 [Test worker] Log - sending password using sendKeys
[INFO ] 2021-07-08 16:15:03.960 [Test worker] Log - clicking on signIn for logging into application
[INFO ] 2021-07-08 16:15:08.554 [Test worker] Log - getting title of page
[WARN ] 2021-07-08 16:15:08.565 [Test worker] Log - Test is failed
[INFO ] 2021-07-08 16:15:08.782 [Test worker] Log - Browser is closed
[INFO ] 2021-07-08 16:15:08.874 [Test worker] Log - Test is ended
[INFO ] 2021-07-08 16:15:08.874 [Test worker] Log - Gradle testTest is finished
[INFO ] 2021-07-08 16:16:37.529 [Test worker] Log - Test is starting
[INFO ] 2021-07-08 16:16:37.533 [Test worker] Log - chrome is starting
[INFO ] 2021-07-08 16:16:39.043 [Test worker] Log - navigating to url : https://www.linkedin.com/
[INFO ] 2021-07-08 16:16:40.365 [Test worker] Log - Launched the web application.
[INFO ] 2021-07-08 16:16:45.382 [Test worker] Log - loginTest is starting
[INFO ] 2021-07-08 16:16:45.408 [Test worker] Log - Clicking on SignIn button
[INFO ] 2021-07-08 16:16:47.713 [Test worker] Log - Sending email using sendKeys
[INFO ] 2021-07-08 16:16:47.841 [Test worker] Log - sending password using sendKeys
[INFO ] 2021-07-08 16:16:47.917 [Test worker] Log - clicking on signIn for logging into application
[INFO ] 2021-07-08 16:17:19.328 [Test worker] Log - getting title of page
[INFO ] 2021-07-08 16:17:19.339 [Test worker] Log - Test is successfully passed
[INFO ] 2021-07-08 16:17:19.678 [Test worker] Log - Gradle testTest is finished
[INFO ] 2021-07-08 16:17:42.304 [Test worker] Log - Test is starting
[INFO ] 2021-07-08 16:17:42.307 [Test worker] Log - chrome is starting
[INFO ] 2021-07-08 16:17:43.933 [Test worker] Log - navigating to url : https://www.linkedin.com/
[INFO ] 2021-07-08 16:17:44.931 [Test worker] Log - Launched the web application.
[INFO ] 2021-07-08 16:17:49.951 [Test worker] Log - loginTest is starting
[INFO ] 2021-07-08 16:17:49.974 [Test worker] Log - Clicking on SignIn button
[INFO ] 2021-07-08 16:17:52.165 [Test worker] Log - Sending email using sendKeys
[INFO ] 2021-07-08 16:17:52.227 [Test worker] Log - sending password using sendKeys
[INFO ] 2021-07-08 16:17:52.324 [Test worker] Log - clicking on signIn for logging into application
[INFO ] 2021-07-08 16:18:01.676 [Test worker] Log - getting title of page
[INFO ] 2021-07-08 16:18:01.687 [Test worker] Log - Test is successfully passed
[INFO ] 2021-07-08 16:18:01.957 [Test worker] Log - Browser is closed
[INFO ] 2021-07-08 16:18:06.116 [Test worker] Log - Test is ended
[INFO ] 2021-07-08 16:18:06.117 [Test worker] Log - Gradle testTest is finished
[INFO ] 2021-07-08 16:24:53.000 [Test worker] Log - Test is starting
[INFO ] 2021-07-08 16:24:53.004 [Test worker] Log - chrome is starting
[INFO ] 2021-07-08 16:24:54.682 [Test worker] Log - navigating to url : https://www.linkedin.com/
[INFO ] 2021-07-08 16:24:55.937 [Test worker] Log - Launched the web application.
[INFO ] 2021-07-08 16:25:00.953 [Test worker] Log - logoutTest is starting
[INFO ] 2021-07-08 16:25:00.971 [Test worker] Log - Clicking on SignIn button
[INFO ] 2021-07-08 16:25:03.366 [Test worker] Log - Sending email using sendKeys
[INFO ] 2021-07-08 16:25:03.428 [Test worker] Log - sending password using sendKeys
[INFO ] 2021-07-08 16:25:03.486 [Test worker] Log - clicking on signIn for logging into application
[INFO ] 2021-07-08 16:25:32.791 [Test worker] Log - getting title of page
[INFO ] 2021-07-08 16:25:32.799 [Test worker] Log - Clicking on profile button
[INFO ] 2021-07-08 16:25:35.862 [Test worker] Log - Clicking on sign out
[INFO ] 2021-07-08 16:25:35.925 [Test worker] Log - logout process ended
[WARN ] 2021-07-08 16:25:37.949 [Test worker] Log - Test is failed
[INFO ] 2021-07-08 16:25:38.167 [Test worker] Log - Browser is closed
[INFO ] 2021-07-08 16:25:38.286 [Test worker] Log - Test is ended
[INFO ] 2021-07-08 16:25:38.287 [Test worker] Log - Gradle testTest is finished
[INFO ] 2021-07-08 16:27:10.550 [Test worker] Log - Test is starting
[INFO ] 2021-07-08 16:27:10.553 [Test worker] Log - chrome is starting
[INFO ] 2021-07-08 16:27:12.162 [Test worker] Log - navigating to url : https://www.linkedin.com/
[INFO ] 2021-07-08 16:27:14.612 [Test worker] Log - Launched the web application.
[INFO ] 2021-07-08 16:27:19.623 [Test worker] Log - logoutTest is starting
[INFO ] 2021-07-08 16:27:19.643 [Test worker] Log - Clicking on SignIn button
[INFO ] 2021-07-08 16:27:21.782 [Test worker] Log - Sending email using sendKeys
[INFO ] 2021-07-08 16:27:21.866 [Test worker] Log - sending password using sendKeys
[INFO ] 2021-07-08 16:27:21.947 [Test worker] Log - clicking on signIn for logging into application
[INFO ] 2021-07-08 16:27:31.442 [Test worker] Log - getting title of page
[INFO ] 2021-07-08 16:27:31.450 [Test worker] Log - Clicking on profile button
[INFO ] 2021-07-08 16:27:34.519 [Test worker] Log - Clicking on sign out
[WARN ] 2021-07-08 16:27:34.608 [Test worker] Log - Test is failed
[INFO ] 2021-07-08 16:27:34.895 [Test worker] Log - Browser is closed
[INFO ] 2021-07-08 16:27:39.050 [Test worker] Log - Test is ended
[INFO ] 2021-07-08 16:27:39.051 [Test worker] Log - Gradle testTest is finished
[INFO ] 2021-07-08 16:28:13.374 [Test worker] Log - Test is starting
[INFO ] 2021-07-08 16:28:13.377 [Test worker] Log - chrome is starting
[INFO ] 2021-07-08 16:28:15.002 [Test worker] Log - navigating to url : https://www.linkedin.com/
[INFO ] 2021-07-08 16:28:16.345 [Test worker] Log - Launched the web application.
[INFO ] 2021-07-08 16:28:21.362 [Test worker] Log - logoutTest is starting
[INFO ] 2021-07-08 16:28:21.381 [Test worker] Log - Clicking on SignIn button
[INFO ] 2021-07-08 16:28:23.555 [Test worker] Log - Sending email using sendKeys
[INFO ] 2021-07-08 16:28:23.624 [Test worker] Log - sending password using sendKeys
[INFO ] 2021-07-08 16:28:23.713 [Test worker] Log - clicking on signIn for logging into application
[INFO ] 2021-07-08 16:28:32.046 [Test worker] Log - getting title of page
[INFO ] 2021-07-08 16:28:32.065 [Test worker] Log - Clicking on profile button
[INFO ] 2021-07-08 16:28:35.124 [Test worker] Log - Clicking on sign out
[WARN ] 2021-07-08 16:28:35.148 [Test worker] Log - Test is failed
[INFO ] 2021-07-08 16:28:35.477 [Test worker] Log - Browser is closed
[INFO ] 2021-07-08 16:28:39.636 [Test worker] Log - Test is ended
[INFO ] 2021-07-08 16:28:39.636 [Test worker] Log - Gradle testTest is finished
[INFO ] 2021-07-08 16:29:37.824 [Test worker] Log - Test is starting
[INFO ] 2021-07-08 16:29:37.827 [Test worker] Log - chrome is starting
[INFO ] 2021-07-08 16:29:39.330 [Test worker] Log - navigating to url : https://www.linkedin.com/
[INFO ] 2021-07-08 16:29:41.351 [Test worker] Log - Launched the web application.
[INFO ] 2021-07-08 16:29:46.363 [Test worker] Log - logoutTest is starting
[INFO ] 2021-07-08 16:29:46.379 [Test worker] Log - Clicking on SignIn button
[INFO ] 2021-07-08 16:29:48.671 [Test worker] Log - Sending email using sendKeys
[INFO ] 2021-07-08 16:29:48.732 [Test worker] Log - sending password using sendKeys
[INFO ] 2021-07-08 16:29:48.823 [Test worker] Log - clicking on signIn for logging into application
[INFO ] 2021-07-08 16:30:02.562 [Test worker] Log - getting title of page
[INFO ] 2021-07-08 16:30:02.569 [Test worker] Log - Clicking on profile button
[INFO ] 2021-07-08 16:30:05.630 [Test worker] Log - Clicking on sign out
[INFO ] 2021-07-08 16:30:05.699 [Test worker] Log - logout process ended
[WARN ] 2021-07-08 16:30:07.721 [Test worker] Log - Test is failed
[INFO ] 2021-07-08 16:30:07.942 [Test worker] Log - Browser is closed
[INFO ] 2021-07-08 16:30:12.117 [Test worker] Log - Test is ended
[INFO ] 2021-07-08 16:30:12.118 [Test worker] Log - Gradle testTest is finished
[INFO ] 2021-07-08 16:31:14.527 [Test worker] Log - Test is starting
[INFO ] 2021-07-08 16:31:14.531 [Test worker] Log - chrome is starting
[INFO ] 2021-07-08 16:31:16.111 [Test worker] Log - navigating to url : https://www.linkedin.com/
[INFO ] 2021-07-08 16:31:17.081 [Test worker] Log - Launched the web application.
[INFO ] 2021-07-08 16:31:22.099 [Test worker] Log - loginTest is starting
[INFO ] 2021-07-08 16:31:22.116 [Test worker] Log - Clicking on SignIn button
[INFO ] 2021-07-08 16:31:24.914 [Test worker] Log - Sending email using sendKeys
[INFO ] 2021-07-08 16:31:24.977 [Test worker] Log - sending password using sendKeys
[INFO ] 2021-07-08 16:31:25.058 [Test worker] Log - clicking on signIn for logging into application
[INFO ] 2021-07-08 16:31:32.917 [Test worker] Log - getting title of page
[INFO ] 2021-07-08 16:31:32.929 [Test worker] Log - Test is successfully passed
[INFO ] 2021-07-08 16:31:33.132 [Test worker] Log - Browser is closed
[INFO ] 2021-07-08 16:31:37.242 [Test worker] Log - Test is ended
[INFO ] 2021-07-08 16:31:37.243 [Test worker] Log - Gradle testTest is finished
[INFO ] 2021-07-08 17:18:58.115 [Test worker] Log - Test is starting
[INFO ] 2021-07-08 17:18:58.121 [Test worker] Log - chrome is starting
[INFO ] 2021-07-08 17:19:00.491 [Test worker] Log - navigating to url : https://www.linkedin.com/
[INFO ] 2021-07-08 17:19:02.560 [Test worker] Log - Launched the web application.
[INFO ] 2021-07-08 17:19:07.583 [Test worker] Log - loginTest is starting
[INFO ] 2021-07-08 17:19:07.670 [Test worker] Log - Clicking on SignIn button
[INFO ] 2021-07-08 17:19:10.361 [Test worker] Log - Sending email using sendKeys
[INFO ] 2021-07-08 17:19:10.462 [Test worker] Log - sending password using sendKeys
[INFO ] 2021-07-08 17:19:10.563 [Test worker] Log - clicking on signIn for logging into application
[INFO ] 2021-07-08 17:19:19.594 [Test worker] Log - getting title of page
[INFO ] 2021-07-08 17:19:19.604 [Test worker] Log - Test is successfully passed
[INFO ] 2021-07-08 17:19:20.031 [Test worker] Log - Browser is closed
[INFO ] 2021-07-08 17:19:20.355 [Test worker] Log - Test is ended
[INFO ] 2021-07-08 17:19:20.356 [Test worker] Log - Gradle testTest is finished
[INFO ] 2021-07-08 18:04:34.517 [Test worker] Log - Test is starting
[INFO ] 2021-07-08 18:04:34.522 [Test worker] Log - chrome is starting
[INFO ] 2021-07-08 18:04:36.200 [Test worker] Log - navigating to url : https://www.linkedin.com/
[INFO ] 2021-07-08 18:04:37.206 [Test worker] Log - Launched the web application.
[INFO ] 2021-07-08 18:04:42.239 [Test worker] Log - loginTest is starting
[INFO ] 2021-07-08 18:04:42.284 [Test worker] Log - Clicking on SignIn button
[INFO ] 2021-07-08 18:04:44.329 [Test worker] Log - Sending email using sendKeys
[INFO ] 2021-07-08 18:04:44.408 [Test worker] Log - sending password using sendKeys
[INFO ] 2021-07-08 18:04:44.477 [Test worker] Log - clicking on signIn for logging into application
[INFO ] 2021-07-08 18:04:51.616 [Test worker] Log - getting title of page
[INFO ] 2021-07-08 18:04:51.650 [Test worker] Log - Test is successfully passed
[INFO ] 2021-07-08 18:04:51.949 [Test worker] Log - Browser is closed
[INFO ] 2021-07-08 18:04:56.128 [Test worker] Log - Test is ended
[INFO ] 2021-07-08 18:04:56.128 [Test worker] Log - Gradle testTest is finished
